# JRE version: OpenJDK Runtime Environment (17.0.9) (build 17.0.9+0--11185874)
# Java VM: OpenJDK 64-Bit Server VM (17.0.9+0--11185874, mixed mode, tiered, compressed oops, compressed class ptrs, g1 gc, windows-amd64)
GC Precious Log:
 CPUs: 8 total, 8 available
 Memory: 8068M
 Large Page Support: Disabled
 NUMA Support: Disabled
 Compressed Oops: Enabled (32-bit)
 Heap Region Size: 1M
 Heap Min Capacity: 8M
 Heap Initial Capacity: 128M
 Heap Max Capacity: 2018M
 Pre-touch: Disabled
 Parallel Workers: 8
 Concurrent Workers: 2
 Concurrent Refinement Workers: 8
 Periodic GC: Disabled
Heap:
 garbage-first heap   total 96256K, used 50170K [0x0000000081e00000, 0x0000000100000000)
  region size 1024K, 7 young (7168K), 3 survivors (3072K)
 Metaspace       used 68220K, committed 68480K, reserved 1114112K
  class space    used 7875K, committed 8000K, reserved 1048576K
GC Heap History (20 events):
Event: 7.159 GC heap before
{Heap before GC invocations=12 (full 0):
 garbage-first heap   total 60416K, used 45537K [0x0000000081e00000, 0x0000000100000000)
  region size 1024K, 18 young (18432K), 3 survivors (3072K)
 Metaspace       used 48459K, committed 48704K, reserved 1114112K
  class space    used 5898K, committed 6016K, reserved 1048576K
}
Event: 7.171 GC heap after
{Heap after GC invocations=13 (full 0):
 garbage-first heap   total 72704K, used 31491K [0x0000000081e00000, 0x0000000100000000)
  region size 1024K, 1 young (1024K), 1 survivors (1024K)
 Metaspace       used 48459K, committed 48704K, reserved 1114112K
  class space    used 5898K, committed 6016K, reserved 1048576K
}
Event: 7.736 GC heap before
{Heap before GC invocations=14 (full 0):
 garbage-first heap   total 72704K, used 54019K [0x0000000081e00000, 0x0000000100000000)
  region size 1024K, 23 young (23552K), 1 survivors (1024K)
 Metaspace       used 50641K, committed 50880K, reserved 1114112K
  class space    used 6122K, committed 6208K, reserved 1048576K
}
Event: 7.755 GC heap after
{Heap after GC invocations=15 (full 0):
 garbage-first heap   total 72704K, used 35459K [0x0000000081e00000, 0x0000000100000000)
  region size 1024K, 3 young (3072K), 3 survivors (3072K)
 Metaspace       used 50641K, committed 50880K, reserved 1114112K
  class space    used 6122K, committed 6208K, reserved 1048576K
}
Event: 8.360 GC heap before
{Heap before GC invocations=15 (full 0):
 garbage-first heap   total 72704K, used 54915K [0x0000000081e00000, 0x0000000100000000)
  region size 1024K, 22 young (22528K), 3 survivors (3072K)
 Metaspace       used 51552K, committed 51776K, reserved 1114112K
  class space    used 6153K, committed 6272K, reserved 1048576K
}
Event: 8.382 GC heap after
{Heap after GC invocations=16 (full 0):
 garbage-first heap   total 72704K, used 38912K [0x0000000081e00000, 0x0000000100000000)
  region size 1024K, 3 young (3072K), 3 survivors (3072K)
 Metaspace       used 51552K, committed 51776K, reserved 1114112K
  class space    used 6153K, committed 6272K, reserved 1048576K
}
Event: 8.860 GC heap before
{Heap before GC invocations=17 (full 0):
 garbage-first heap   total 72704K, used 55296K [0x0000000081e00000, 0x0000000100000000)
  region size 1024K, 20 young (20480K), 3 survivors (3072K)
 Metaspace       used 51762K, committed 52032K, reserved 1114112K
  class space    used 6156K, committed 6272K, reserved 1048576K
}
Event: 8.890 GC heap after
{Heap after GC invocations=18 (full 0):
 garbage-first heap   total 72704K, used 41264K [0x0000000081e00000, 0x0000000100000000)
  region size 1024K, 3 young (3072K), 3 survivors (3072K)
 Metaspace       used 51762K, committed 52032K, reserved 1114112K
  class space    used 6156K, committed 6272K, reserved 1048576K
}
Event: 9.711 GC heap before
{Heap before GC invocations=18 (full 0):
 garbage-first heap   total 72704K, used 42288K [0x0000000081e00000, 0x0000000100000000)
  region size 1024K, 4 young (4096K), 3 survivors (3072K)
 Metaspace       used 51768K, committed 52032K, reserved 1114112K
  class space    used 6156K, committed 6272K, reserved 1048576K
}
Event: 9.726 GC heap after
{Heap after GC invocations=19 (full 0):
 garbage-first heap   total 72704K, used 39401K [0x0000000081e00000, 0x0000000100000000)
  region size 1024K, 1 young (1024K), 1 survivors (1024K)
 Metaspace       used 51768K, committed 52032K, reserved 1114112K
  class space    used 6156K, committed 6272K, reserved 1048576K
}
Event: 10.238 GC heap before
{Heap before GC invocations=19 (full 0):
 garbage-first heap   total 72704K, used 55785K [0x0000000081e00000, 0x0000000100000000)
  region size 1024K, 17 young (17408K), 1 survivors (1024K)
 Metaspace       used 53281K, committed 53504K, reserved 1114112K
  class space    used 6330K, committed 6400K, reserved 1048576K
}
Event: 10.248 GC heap after
{Heap after GC invocations=20 (full 0):
 garbage-first heap   total 72704K, used 40544K [0x0000000081e00000, 0x0000000100000000)
  region size 1024K, 2 young (2048K), 2 survivors (2048K)
 Metaspace       used 53281K, committed 53504K, reserved 1114112K
  class space    used 6330K, committed 6400K, reserved 1048576K
}
Event: 11.173 GC heap before
{Heap before GC invocations=21 (full 0):
 garbage-first heap   total 72704K, used 55904K [0x0000000081e00000, 0x0000000100000000)
  region size 1024K, 18 young (18432K), 2 survivors (2048K)
 Metaspace       used 56412K, committed 56640K, reserved 1114112K
  class space    used 6682K, committed 6784K, reserved 1048576K
}
Event: 11.186 GC heap after
{Heap after GC invocations=22 (full 0):
 garbage-first heap   total 72704K, used 41976K [0x0000000081e00000, 0x0000000100000000)
  region size 1024K, 3 young (3072K), 3 survivors (3072K)
 Metaspace       used 56412K, committed 56640K, reserved 1114112K
  class space    used 6682K, committed 6784K, reserved 1048576K
}
Event: 11.233 GC heap before
{Heap before GC invocations=22 (full 0):
 garbage-first heap   total 72704K, used 43000K [0x0000000081e00000, 0x0000000100000000)
  region size 1024K, 4 young (4096K), 3 survivors (3072K)
 Metaspace       used 56570K, committed 56768K, reserved 1114112K
  class space    used 6699K, committed 6784K, reserved 1048576K
}
Event: 11.247 GC heap after
{Heap after GC invocations=23 (full 0):
 garbage-first heap   total 96256K, used 41619K [0x0000000081e00000, 0x0000000100000000)
  region size 1024K, 1 young (1024K), 1 survivors (1024K)
 Metaspace       used 56570K, committed 56768K, reserved 1114112K
  class space    used 6699K, committed 6784K, reserved 1048576K
}
Event: 12.244 GC heap before
{Heap before GC invocations=23 (full 0):
 garbage-first heap   total 96256K, used 72339K [0x0000000081e00000, 0x0000000100000000)
  region size 1024K, 31 young (31744K), 1 survivors (1024K)
 Metaspace       used 61823K, committed 62016K, reserved 1114112K
  class space    used 7209K, committed 7296K, reserved 1048576K
}
Event: 12.259 GC heap after
{Heap after GC invocations=24 (full 0):
 garbage-first heap   total 96256K, used 44606K [0x0000000081e00000, 0x0000000100000000)
  region size 1024K, 4 young (4096K), 4 survivors (4096K)
 Metaspace       used 61823K, committed 62016K, reserved 1114112K
  class space    used 7209K, committed 7296K, reserved 1048576K
}
Event: 14.178 GC heap before
{Heap before GC invocations=24 (full 0):
 garbage-first heap   total 96256K, used 73278K [0x0000000081e00000, 0x0000000100000000)
  region size 1024K, 32 young (32768K), 4 survivors (4096K)
 Metaspace       used 67225K, committed 67456K, reserved 1114112K
  class space    used 7781K, committed 7872K, reserved 1048576K
}
Event: 14.198 GC heap after
{Heap after GC invocations=25 (full 0):
 garbage-first heap   total 96256K, used 47098K [0x0000000081e00000, 0x0000000100000000)
  region size 1024K, 3 young (3072K), 3 survivors (3072K)
 Metaspace       used 67225K, committed 67456K, reserved 1114112K
  class space    used 7781K, committed 7872K, reserved 1048576K
}

